c:\users\seppukudoge\documents\github\igraca2\debug\igra_ca2.pch
c:\users\seppukudoge\documents\github\igraca2\debug\vc141.pdb
c:\users\seppukudoge\documents\github\igraca2\debug\vc141.idb
c:\users\seppukudoge\documents\github\igraca2\debug\stdafx.obj
c:\users\seppukudoge\documents\github\igraca2\debug\clock.obj
c:\users\seppukudoge\documents\github\igraca2\debug\igra_ca2.obj
c:\users\seppukudoge\documents\github\igraca2\debug\tank.obj
c:\users\seppukudoge\documents\github\igraca2\debug\vector3f.obj
c:\users\seppukudoge\documents\github\igraca2\debug\igra_ca2.exe
c:\users\seppukudoge\documents\github\igraca2\debug\igra_ca2.ilk
c:\users\seppukudoge\documents\github\igraca2\debug\igra_ca2.pdb
c:\users\seppukudoge\documents\github\igraca2\debug\igra_lab.res
c:\users\seppukudoge\documents\github\igraca2\debug\igra_ca2.tlog\cl.command.1.tlog
c:\users\seppukudoge\documents\github\igraca2\debug\igra_ca2.tlog\cl.read.1.tlog
c:\users\seppukudoge\documents\github\igraca2\debug\igra_ca2.tlog\cl.write.1.tlog
c:\users\seppukudoge\documents\github\igraca2\debug\igra_ca2.tlog\link.command.1.tlog
c:\users\seppukudoge\documents\github\igraca2\debug\igra_ca2.tlog\link.read.1.tlog
c:\users\seppukudoge\documents\github\igraca2\debug\igra_ca2.tlog\link.write.1.tlog
c:\users\seppukudoge\documents\github\igraca2\debug\igra_ca2.tlog\rc.command.1.tlog
c:\users\seppukudoge\documents\github\igraca2\debug\igra_ca2.tlog\rc.read.1.tlog
c:\users\seppukudoge\documents\github\igraca2\debug\igra_ca2.tlog\rc.write.1.tlog
