C:\Program Files (x86)\Microsoft Visual Studio\2017\Enterprise2\Common7\IDE\VC\VCTargets\Microsoft.CppBuild.targets(387,5): warning MSB8028: The intermediate directory (Debug\) contains files shared from another project (IGRA_LAB.vcxproj).  This can lead to incorrect clean and rebuild behavior.
  IGRA_CA2.cpp
c:\users\seppukudoge\documents\github\igraca2\tank.h(13): warning C4091: 'typedef ': ignored on left of 'TreeNode' when no variable is declared
c:\users\seppukudoge\documents\github\igraca2\tank.h(20): warning C4091: 'typedef ': ignored on left of 'Material' when no variable is declared
c:\users\seppukudoge\documents\github\igraca2\tank.h(25): warning C4091: '': ignored on left of 'TreeNode' when no variable is declared
c:\users\seppukudoge\documents\github\igraca2\tank.h(26): warning C4091: '': ignored on left of 'Material' when no variable is declared
c:\users\seppukudoge\documents\github\igraca2\igra_ca2.cpp(226): warning C4244: 'initializing': conversion from 'double' to 'float', possible loss of data
c:\users\seppukudoge\documents\github\igraca2\igra_ca2.cpp(445): warning C4244: 'initializing': conversion from 'double' to 'float', possible loss of data
c:\users\seppukudoge\documents\github\igraca2\igra_ca2.cpp(499): warning C4244: 'initializing': conversion from 'double' to 'float', possible loss of data
c:\users\seppukudoge\documents\github\igraca2\igra_ca2.cpp(607): warning C4244: 'return': conversion from 'double' to 'float', possible loss of data
c:\users\seppukudoge\documents\github\igraca2\igra_ca2.cpp(645): warning C4244: 'argument': conversion from 'int' to 'GLfloat', possible loss of data
c:\users\seppukudoge\documents\github\igraca2\igra_ca2.cpp(651): warning C4244: 'argument': conversion from 'int' to 'GLfloat', possible loss of data
c:\users\seppukudoge\documents\github\igraca2\igra_ca2.cpp(673): warning C4018: '<': signed/unsigned mismatch
c:\users\seppukudoge\documents\github\igraca2\igra_ca2.cpp(679): warning C4018: '<': signed/unsigned mismatch
c:\users\seppukudoge\documents\github\igraca2\igra_ca2.cpp(697): warning C4244: 'argument': conversion from 'double' to 'GLfloat', possible loss of data
c:\users\seppukudoge\documents\github\igraca2\igra_ca2.cpp(699): warning C4244: 'argument': conversion from 'double' to 'GLfloat', possible loss of data
c:\users\seppukudoge\documents\github\igraca2\igra_ca2.cpp(1037): warning C4838: conversion from 'double' to 'GLfloat' requires a narrowing conversion
c:\users\seppukudoge\documents\github\igraca2\igra_ca2.cpp(1037): warning C4305: 'initializing': truncation from 'double' to 'GLfloat'
c:\users\seppukudoge\documents\github\igraca2\igra_ca2.cpp(1422): warning C4244: '+=': conversion from 'double' to 'float', possible loss of data
c:\users\seppukudoge\documents\github\igraca2\igra_ca2.cpp(1431): warning C4244: 'initializing': conversion from 'double' to 'int', possible loss of data
c:\users\seppukudoge\documents\github\igraca2\igra_ca2.cpp(1457): warning C4305: 'argument': truncation from 'double' to 'GLfloat'
c:\users\seppukudoge\documents\github\igraca2\igra_ca2.cpp(1459): warning C4305: 'argument': truncation from 'double' to 'GLfloat'
c:\users\seppukudoge\documents\github\igraca2\igra_ca2.cpp(1461): warning C4305: 'argument': truncation from 'double' to 'GLfloat'
c:\users\seppukudoge\documents\github\igraca2\igra_ca2.cpp(1463): warning C4305: 'argument': truncation from 'double' to 'GLfloat'
  IGRA_LAB.vcxproj -> C:\Users\SeppukuDoge\Documents\GitHub\IGRACA2\Debug\IGRA_CA2.exe
