c:\users\seppukudoge\documents\sp stuff\2017 semester 2\igra\igra_lab\igra_lab\debug\igra_lab.pch
c:\users\seppukudoge\documents\sp stuff\2017 semester 2\igra\igra_lab\igra_lab\debug\vc141.pdb
c:\users\seppukudoge\documents\sp stuff\2017 semester 2\igra\igra_lab\igra_lab\debug\vc141.idb
c:\users\seppukudoge\documents\sp stuff\2017 semester 2\igra\igra_lab\igra_lab\debug\stdafx.obj
c:\users\seppukudoge\documents\sp stuff\2017 semester 2\igra\igra_lab\igra_lab\debug\clock.obj
c:\users\seppukudoge\documents\sp stuff\2017 semester 2\igra\igra_lab\igra_lab\debug\igra_lab.obj
c:\users\seppukudoge\documents\sp stuff\2017 semester 2\igra\igra_lab\igra_lab\debug\robotarm.obj
c:\users\seppukudoge\documents\sp stuff\2017 semester 2\igra\igra_lab\igra_lab\debug\shapes.obj
c:\users\seppukudoge\documents\sp stuff\2017 semester 2\igra\igra_lab\igra_lab\debug\square.obj
c:\users\seppukudoge\documents\sp stuff\2017 semester 2\igra\igra_lab\igra_lab\debug\vector3f.obj
c:\users\seppukudoge\documents\sp stuff\2017 semester 2\igra\igra_lab\igra_lab\debug\camera.obj
c:\users\seppukudoge\documents\github\igraca2\debug\igra_lab.pch
c:\users\seppukudoge\documents\github\igraca2\debug\vc141.pdb
c:\users\seppukudoge\documents\github\igraca2\debug\vc141.idb
c:\users\seppukudoge\documents\github\igraca2\debug\stdafx.obj
c:\users\seppukudoge\documents\github\igraca2\debug\clock.obj
c:\users\seppukudoge\documents\github\igraca2\debug\robotarm.obj
c:\users\seppukudoge\documents\github\igraca2\debug\shapes.obj
c:\users\seppukudoge\documents\github\igraca2\debug\square.obj
c:\users\seppukudoge\documents\github\igraca2\debug\vector3f.obj
c:\users\seppukudoge\documents\github\igraca2\debug\igra_ca2.obj
c:\users\seppukudoge\documents\github\igraca2\debug\tank.obj
c:\users\seppukudoge\documents\sp stuff\2017 semester 2\igra\igra_lab\igra_lab\debug\igra_lab.exe
c:\users\seppukudoge\documents\sp stuff\2017 semester 2\igra\igra_lab\igra_lab\debug\igra_lab.ilk
c:\users\seppukudoge\documents\sp stuff\2017 semester 2\igra\igra_lab\igra_lab\debug\igra_lab.pdb
c:\users\seppukudoge\documents\github\igraca2\debug\igra_lab.exe
c:\users\seppukudoge\documents\github\igraca2\debug\igra_lab.ilk
c:\users\seppukudoge\documents\github\igraca2\debug\igra_lab.pdb
c:\users\seppukudoge\documents\sp stuff\2017 semester 2\igra\igra_lab\igra_lab\debug\igra_lab.res
c:\users\seppukudoge\documents\github\igraca2\debug\igra_lab.res
c:\users\seppukudoge\documents\github\igraca2\debug\camera.obj
c:\users\seppukudoge\documents\github\igraca2\debug\circle.obj
c:\users\seppukudoge\documents\github\igraca2\debug\igralab.obj
c:\users\seppukudoge\documents\github\igraca2\debug\igra_ca1.obj
c:\users\seppukudoge\documents\github\igraca2\debug\igra_lab.obj
c:\users\seppukudoge\documents\github\igraca2\debug\triangle.obj
c:\users\seppukudoge\documents\github\igraca2\debug\igra_lab.obj.enc
c:\users\seppukudoge\documents\github\igraca2\debug\igra_lab.tlog\cl.command.1.tlog
c:\users\seppukudoge\documents\github\igraca2\debug\igra_lab.tlog\cl.read.1.tlog
c:\users\seppukudoge\documents\github\igraca2\debug\igra_lab.tlog\cl.write.1.tlog
c:\users\seppukudoge\documents\github\igraca2\debug\igra_lab.tlog\link.command.1.tlog
c:\users\seppukudoge\documents\github\igraca2\debug\igra_lab.tlog\link.read.1.tlog
c:\users\seppukudoge\documents\github\igraca2\debug\igra_lab.tlog\link.write.1.tlog
c:\users\seppukudoge\documents\github\igraca2\debug\igra_lab.tlog\rc.command.1.tlog
c:\users\seppukudoge\documents\github\igraca2\debug\igra_lab.tlog\rc.read.1.tlog
c:\users\seppukudoge\documents\github\igraca2\debug\igra_lab.tlog\rc.write.1.tlog
